<?xml version="1.0" encoding="UTF-8"?>
<!-- Generated by org.testng.reporters.JUnitXMLReporter -->
<testsuite ignored="0" hostname="HP" failures="0" tests="4" name="Default test" time="11.499" errors="0" timestamp="23 Jun 2022 08:03:29 GMT">
  <testcase classname="com.baseclass.Sample1" name="createUser" time="6.597"/>
  <testcase classname="com.baseclass.Sample1" name="updateUser" time="1.816"/>
  <testcase classname="com.baseclass.Sample1" name="getUser" time="1.519"/>
  <testcase classname="com.baseclass.Sample1" name="deleteUser" time="1.463"/>
</testsuite> <!-- Default test -->
