<?xml version="1.0" encoding="UTF-8"?>
<testng-results ignored="0" total="4" passed="4" failed="0" skipped="0">
  <reporter-output>
  </reporter-output>
  <suite started-at="2022-06-23T08:03:17Z" name="Default suite" finished-at="2022-06-23T08:03:29Z" duration-ms="11499">
    <groups>
    </groups>
    <test started-at="2022-06-23T08:03:17Z" name="Default test" finished-at="2022-06-23T08:03:29Z" duration-ms="11499">
      <class name="com.baseclass.Sample1">
        <test-method signature="createUser()[pri:1, instance:com.baseclass.Sample1@21129f1f]" started-at="2022-06-23T08:03:17Z" name="createUser" finished-at="2022-06-23T08:03:24Z" duration-ms="6597" status="PASS">
          <reporter-output>
          </reporter-output>
        </test-method> <!-- createUser -->
        <test-method signature="updateUser()[pri:2, instance:com.baseclass.Sample1@21129f1f]" started-at="2022-06-23T08:03:24Z" name="updateUser" finished-at="2022-06-23T08:03:26Z" duration-ms="1816" status="PASS">
          <reporter-output>
          </reporter-output>
        </test-method> <!-- updateUser -->
        <test-method signature="getUser()[pri:3, instance:com.baseclass.Sample1@21129f1f]" started-at="2022-06-23T08:03:26Z" name="getUser" finished-at="2022-06-23T08:03:27Z" duration-ms="1519" status="PASS">
          <reporter-output>
          </reporter-output>
        </test-method> <!-- getUser -->
        <test-method signature="deleteUser()[pri:4, instance:com.baseclass.Sample1@21129f1f]" started-at="2022-06-23T08:03:27Z" name="deleteUser" finished-at="2022-06-23T08:03:29Z" duration-ms="1463" status="PASS">
          <reporter-output>
          </reporter-output>
        </test-method> <!-- deleteUser -->
      </class> <!-- com.baseclass.Sample1 -->
    </test> <!-- Default test -->
  </suite> <!-- Default suite -->
</testng-results>
